L 12/21/2021 - 19:34:08: get5_event: {"matchid`":"bo1","params":{"team1_name":"TIME A","team2_name":"TIME B"},"event":"series_start"}
Can't use cheat cvar sv_grenade_trajectory in multiplayer, unless the server has sv_cheats set to 1.
L 12/21/2021 - 19:34:09: "mauroban<31><STEAM_1:0:62033627><TERRORIST>" left buyzone with [ weapon_knife_t weapon_glock ]
L 12/21/2021 - 19:34:09: "profeta<46><STEAM_1:1:61864068><TERRORIST>" [8531 -11539 3154] attacked "Leoncio<37><STEAM_1:0:223654549><CT>" [8624 -12144 3136] with "glock" (damage "98") (damage_armor "0") (health "2") (armor "100") (hitgroup "head")
L 12/21/2021 - 19:34:09: "Luis1m Turbo<45><STEAM_1:0:178787255><TERRORIST>" left buyzone with [ weapon_knife_t weapon_glock ]
L 12/21/2021 - 19:34:11: "HRZ<43><STEAM_1:0:421866189><CT>" [6353 -11813 3169] attacked "Vininão 60Hz<50><STEAM_1:1:149616265><TERRORIST>" [6256 -11216 3136] with "ak47" (damage "34") (damage_armor "4") (health "66") (armor "95") (hitgroup "stomach")
L 12/21/2021 - 19:34:11: "GABIGORDO<33><STEAM_1:1:546304018><CT>" [1411 -11967 3136] attacked "Agostinho Cachaça<34><STEAM_1:1:511493195><TERRORIST>" [1473 -11581 3154] with "hkp2000" (damage "130") (damage_armor "0") (health "0") (armor "100") (hitgroup "head")
L 12/21/2021 - 19:34:11: "GABIGORDO<33><STEAM_1:1:546304018><CT>" [1411 -11967 3136] killed "Agostinho Cachaça<34><STEAM_1:1:511493195><TERRORIST>" [1473 -11581 3218] with "usp_silencer" (headshot)
L 12/21/2021 - 19:34:11: "HRZ<43><STEAM_1:0:421866189><CT>" [6353 -11813 3169] attacked "Vininão 60Hz<50><STEAM_1:1:149616265><TERRORIST>" [6256 -11216 3136] with "ak47" (damage "27") (damage_armor "3") (health "39") (armor "91") (hitgroup "chest")
L 12/21/2021 - 19:34:11: "HRZ<43><STEAM_1:0:421866189><CT>" [6353 -11813 3169] attacked "Vininão 60Hz<50><STEAM_1:1:149616265><TERRORIST>" [6256 -11216 3136] with "ak47" (damage "140") (damage_armor "0") (health "0") (armor "91") (hitgroup "head")
L 12/21/2021 - 19:34:11: "HRZ<43><STEAM_1:0:421866189><CT>" [6353 -11813 3169] killed "Vininão 60Hz<50><STEAM_1:1:149616265><TERRORIST>" [6256 -11216 3200] with "ak47" (headshot)
L 12/21/2021 - 19:34:11: "łuuкz1<38><STEAM_1:0:222365165><CT>" [3758 -11938 3136] attacked "mauroban<31><STEAM_1:0:62033627><TERRORIST>" [3920 -11216 3136] with "m4a1" (damage "130") (damage_armor "0") (health "0") (armor "100") (hitgroup "head")
L 12/21/2021 - 19:34:11: "łuuкz1<38><STEAM_1:0:222365165><CT>" [3758 -11938 3136] killed "mauroban<31><STEAM_1:0:62033627><TERRORIST>" [3920 -11216 3200] with "m4a1_silencer" (headshot)
L 12/21/2021 - 19:34:11: "profeta<46><STEAM_1:1:61864068><TERRORIST>" [8730 -11670 3169] attacked "Leoncio<37><STEAM_1:0:223654549><CT>" [8624 -12144 3136] with "glock" (damage "102") (damage_armor "0") (health "0") (armor "100") (hitgroup "head")
L 12/21/2021 - 19:34:11: "profeta<46><STEAM_1:1:61864068><TERRORIST>" [8730 -11670 3169] killed "Leoncio<37><STEAM_1:0:223654549><CT>" [8624 -12144 3200] with "glock" (headshot)
*DEAD* mauroban: !get5
L 12/21/2021 - 19:34:12: "mauroban<31><STEAM_1:0:62033627><TERRORIST>" say "!get5"
L 12/21/2021 - 19:34:12: get5_event: {"matchid`":"bo1","params":{"client":"mauroban<31><STEAM_1:0:62033627><>","map_number":0,"map_name":"de_ancient","message":"!get5"},"event":"client_say"}
L 12/21/2021 - 19:34:12: "Luis1m Turbo<45><STEAM_1:0:178787255><TERRORIST>" [11220 -11616 3168] attacked "pLn<42><STEAM_1:0:79381514><CT>" [11088 -12144 3136] with "hkp2000" (damage "15") (damage_armor "7") (health "85") (armor "92") (hitgroup "chest")
L 12/21/2021 - 19:34:12: "Luis1m Turbo<45><STEAM_1:0:178787255><TERRORIST>" [11227 -11618 3168] attacked "pLn<42><STEAM_1:0:79381514><CT>" [11088 -12144 3136] with "hkp2000" (damage "15") (damage_armor "7") (health "70") (armor "84") (hitgroup "chest")
L 12/21/2021 - 19:34:12: "Luis1m Turbo<45><STEAM_1:0:178787255><TERRORIST>" [11218 -11616 3168] attacked "pLn<42><STEAM_1:0:79381514><CT>" [11088 -12144 3136] with "hkp2000" (damage "15") (damage_armor "7") (health "55") (armor "76") (hitgroup "chest")
[PAI DO ONILDO] An admin force ended the match.
L 12/21/2021 - 19:34:13: [SM] Exception reported: Menu handle 254d0296 is invalid (error 1)
L 12/21/2021 - 19:34:13: [SM] Blaming: get5.smx
L 12/21/2021 - 19:34:13: [SM] Call stack trace:
L 12/21/2021 - 19:34:13: [SM]   [0] Menu.Cancel
L 12/21/2021 - 19:34:13: [SM]   [1] Line 765, ./scripting/get5.sp::Command_EndMatch
L 12/21/2021 - 19:34:13: [SM]   [3] FakeClientCommand
L 12/21/2021 - 19:34:13: [SM]   [4] Line 44, ./scripting/get5/get5menu.sp::AdminMenuHandler
L 12/21/2021 - 19:34:13: "Luis1m Turbo<45><STEAM_1:0:178787255><TERRORIST>" [11196 -11611 3169] attacked "pLn<42><STEAM_1:0:79381514><CT>" [11088 -12144 3136] with "hkp2000" (damage "126") (damage_armor "0") (health "0") (armor "76") (hitgroup "head")
L 12/21/2021 - 19:34:13: "Luis1m Turbo<45><STEAM_1:0:178787255><TERRORIST>" [11196 -11611 3169] killed "pLn<42><STEAM_1:0:79381514><CT>" [11088 -12144 3200] with "usp_silencer" (headshot)
L 12/21/2021 - 19:34:13: "Agostinho Cachaça<34><STEAM_1:1:511493195><TERRORIST>" left buyzone with [ weapon_knife_t weapon_glock ]
[PAI DO ONILDO] Loaded match config.
